<?xml version="1.0" encoding="UTF-8"?>
<testng-results ignored="0" total="8" passed="7" failed="0" skipped="1">
  <reporter-output>
  </reporter-output>
  <suite started-at="2022-09-30T21:12:48 IST" name="Facebook RegressionSuite" finished-at="2022-09-30T21:16:52 IST" duration-ms="244727">
    <groups>
    </groups>
    <test started-at="2022-09-30T21:12:48 IST" name="ChromeTest" finished-at="2022-09-30T21:14:30 IST" duration-ms="101882">
      <class name="test.VerifyRoomPageButton">
        <test-method is-config="true" signature="openBrowser(java.lang.String)[pri:0, instance:test.VerifyRoomPageButton@7b9a4292]" started-at="2022-09-30T21:13:04 IST" name="openBrowser" finished-at="2022-09-30T21:13:06 IST" duration-ms="1793" status="PASS">
          <params>
            <param index="0">
              <value>
                <![CDATA[Chrome]]>
              </value>
            </param>
          </params>
          <reporter-output>
          </reporter-output>
        </test-method> <!-- openBrowser -->
        <test-method is-config="true" signature="createPOMObjects()[pri:0, instance:test.VerifyRoomPageButton@7b9a4292]" started-at="2022-09-30T21:13:06 IST" name="createPOMObjects" finished-at="2022-09-30T21:13:06 IST" duration-ms="417" status="PASS">
          <reporter-output>
          </reporter-output>
        </test-method> <!-- createPOMObjects -->
        <test-method is-config="true" signature="openurl_openroompage()[pri:0, instance:test.VerifyRoomPageButton@7b9a4292]" started-at="2022-09-30T21:13:06 IST" name="openurl_openroompage" finished-at="2022-09-30T21:13:56 IST" duration-ms="49687" status="PASS">
          <reporter-output>
          </reporter-output>
        </test-method> <!-- openurl_openroompage -->
        <test-method signature="verifyReturnToMessangerButton()[pri:0, instance:test.VerifyRoomPageButton@7b9a4292]" started-at="2022-09-30T21:13:56 IST" name="verifyReturnToMessangerButton" finished-at="2022-09-30T21:13:59 IST" duration-ms="3241" status="PASS">
          <reporter-output>
          </reporter-output>
        </test-method> <!-- verifyReturnToMessangerButton -->
        <test-method is-config="true" signature="aftermethod(org.testng.ITestResult)[pri:0, instance:test.VerifyRoomPageButton@7b9a4292]" started-at="2022-09-30T21:13:59 IST" name="aftermethod" finished-at="2022-09-30T21:13:59 IST" duration-ms="1" status="PASS">
          <params>
            <param index="0">
              <value>
                <![CDATA[[TestResult name=verifyReturnToMessangerButton status=SUCCESS method=VerifyRoomPageButton.verifyReturnToMessangerButton()[pri:0, instance:test.VerifyRoomPageButton@7b9a4292] output={null}]]]>
              </value>
            </param>
          </params>
          <reporter-output>
          </reporter-output>
        </test-method> <!-- aftermethod -->
        <test-method is-config="true" signature="openurl_openroompage()[pri:0, instance:test.VerifyRoomPageButton@7b9a4292]" started-at="2022-09-30T21:13:59 IST" name="openurl_openroompage" finished-at="2022-09-30T21:14:26 IST" duration-ms="26985" status="PASS">
          <reporter-output>
          </reporter-output>
        </test-method> <!-- openurl_openroompage -->
        <test-method signature="verifyVisitHelpCenterButton()[pri:0, instance:test.VerifyRoomPageButton@7b9a4292]" started-at="2022-09-30T21:14:26 IST" name="verifyVisitHelpCenterButton" finished-at="2022-09-30T21:14:30 IST" duration-ms="3470" status="PASS">
          <reporter-output>
          </reporter-output>
        </test-method> <!-- verifyVisitHelpCenterButton -->
        <test-method is-config="true" signature="aftermethod(org.testng.ITestResult)[pri:0, instance:test.VerifyRoomPageButton@7b9a4292]" started-at="2022-09-30T21:14:30 IST" name="aftermethod" finished-at="2022-09-30T21:14:30 IST" duration-ms="3" status="PASS">
          <params>
            <param index="0">
              <value>
                <![CDATA[[TestResult name=verifyVisitHelpCenterButton status=SUCCESS method=VerifyRoomPageButton.verifyVisitHelpCenterButton()[pri:0, instance:test.VerifyRoomPageButton@7b9a4292] output={null}]]]>
              </value>
            </param>
          </params>
          <reporter-output>
          </reporter-output>
        </test-method> <!-- aftermethod -->
        <test-method is-config="true" signature="clearObjects()[pri:0, instance:test.VerifyRoomPageButton@7b9a4292]" started-at="2022-09-30T21:14:30 IST" name="clearObjects" finished-at="2022-09-30T21:14:30 IST" duration-ms="5" status="PASS">
          <reporter-output>
          </reporter-output>
        </test-method> <!-- clearObjects -->
        <test-method is-config="true" signature="closeBrowser()[pri:0, instance:test.VerifyRoomPageButton@7b9a4292]" started-at="2022-09-30T21:14:30 IST" name="closeBrowser" finished-at="1970-01-01T05:30:00 IST" duration-ms="-1664552670096" status="SKIP">
          <reporter-output>
          </reporter-output>
        </test-method> <!-- closeBrowser -->
      </class> <!-- test.VerifyRoomPageButton -->
      <class name="test.VerifyHomePage">
        <test-method is-config="true" signature="openBrowser(java.lang.String)[pri:0, instance:test.VerifyHomePage@59309333]" started-at="2022-09-30T21:12:48 IST" name="openBrowser" finished-at="2022-09-30T21:13:04 IST" duration-ms="16133" status="PASS">
          <params>
            <param index="0">
              <value>
                <![CDATA[Chrome]]>
              </value>
            </param>
          </params>
          <reporter-output>
          </reporter-output>
        </test-method> <!-- openBrowser -->
        <test-method is-config="true" signature="createPOMObjects()[pri:0, instance:test.VerifyHomePage@59309333]" started-at="2022-09-30T21:13:06 IST" name="createPOMObjects" finished-at="2022-09-30T21:13:06 IST" duration-ms="411" status="PASS">
          <reporter-output>
          </reporter-output>
        </test-method> <!-- createPOMObjects -->
        <test-method is-config="true" signature="openurl_openhomepage()[pri:0, instance:test.VerifyHomePage@59309333]" started-at="2022-09-30T21:13:06 IST" name="openurl_openhomepage" finished-at="2022-09-30T21:13:22 IST" duration-ms="15870" status="PASS">
          <reporter-output>
          </reporter-output>
        </test-method> <!-- openurl_openhomepage -->
        <test-method signature="verifyMessangerButton()[pri:0, instance:test.VerifyHomePage@59309333]" started-at="2022-09-30T21:13:22 IST" name="verifyMessangerButton" finished-at="2022-09-30T21:13:42 IST" duration-ms="19864" status="PASS">
          <reporter-output>
          </reporter-output>
        </test-method> <!-- verifyMessangerButton -->
        <test-method is-config="true" signature="logOutFromApplication(org.testng.ITestResult)[pri:0, instance:test.VerifyHomePage@59309333]" started-at="2022-09-30T21:13:42 IST" name="logOutFromApplication" finished-at="2022-09-30T21:13:52 IST" duration-ms="10554" status="FAIL">
          <params>
            <param index="0">
              <value>
                <![CDATA[[TestResult name=verifyMessangerButton status=SUCCESS method=VerifyHomePage.verifyMessangerButton()[pri:0, instance:test.VerifyHomePage@59309333] output={null}]]]>
              </value>
            </param>
          </params>
          <exception class="org.openqa.selenium.NoSuchElementException">
            <message>
              <![CDATA[no such element: Unable to locate element: {"method":"xpath","selector":"//span[text()='Log Out']"}
  (Session info: chrome=105.0.5195.127)
For documentation on this error, please visit: https://www.seleniumhq.org/exceptions/no_such_element.html
Build info: version: '3.141.59', revision: 'e82be7d358', time: '2018-11-14T08:17:03'
System info: host: 'PRADNYA', ip: '192.168.1.102', os.name: 'Windows 8.1', os.arch: 'amd64', os.version: '6.3', java.version: '18.0.1.1'
Driver info: org.openqa.selenium.chrome.ChromeDriver
Capabilities {acceptInsecureCerts: false, browserName: chrome, browserVersion: 105.0.5195.127, chrome: {chromedriverVersion: 105.0.5195.52 (412c95e51883..., userDataDir: C:\Users\Lenovo\AppData\Loc...}, goog:chromeOptions: {debuggerAddress: localhost:55696}, javascriptEnabled: true, networkConnectionEnabled: false, pageLoadStrategy: normal, platform: WINDOWS, platformName: WINDOWS, proxy: Proxy(), setWindowRect: true, strictFileInteractability: false, timeouts: {implicit: 0, pageLoad: 300000, script: 30000}, unhandledPromptBehavior: dismiss and notify, webauthn:extension:credBlob: true, webauthn:extension:largeBlob: true, webauthn:virtualAuthenticators: true}
Session ID: 066086e47db6218c49467d1f1ea48851
*** Element info: {Using=xpath, value=//span[text()='Log Out']}]]>
            </message>
            <full-stacktrace>
              <![CDATA[org.openqa.selenium.NoSuchElementException: no such element: Unable to locate element: {"method":"xpath","selector":"//span[text()='Log Out']"}
  (Session info: chrome=105.0.5195.127)
For documentation on this error, please visit: https://www.seleniumhq.org/exceptions/no_such_element.html
Build info: version: '3.141.59', revision: 'e82be7d358', time: '2018-11-14T08:17:03'
System info: host: 'PRADNYA', ip: '192.168.1.102', os.name: 'Windows 8.1', os.arch: 'amd64', os.version: '6.3', java.version: '18.0.1.1'
Driver info: org.openqa.selenium.chrome.ChromeDriver
Capabilities {acceptInsecureCerts: false, browserName: chrome, browserVersion: 105.0.5195.127, chrome: {chromedriverVersion: 105.0.5195.52 (412c95e51883..., userDataDir: C:\Users\Lenovo\AppData\Loc...}, goog:chromeOptions: {debuggerAddress: localhost:55696}, javascriptEnabled: true, networkConnectionEnabled: false, pageLoadStrategy: normal, platform: WINDOWS, platformName: WINDOWS, proxy: Proxy(), setWindowRect: true, strictFileInteractability: false, timeouts: {implicit: 0, pageLoad: 300000, script: 30000}, unhandledPromptBehavior: dismiss and notify, webauthn:extension:credBlob: true, webauthn:extension:largeBlob: true, webauthn:virtualAuthenticators: true}
Session ID: 066086e47db6218c49467d1f1ea48851
*** Element info: {Using=xpath, value=//span[text()='Log Out']}
at java.base/jdk.internal.reflect.DirectConstructorHandleAccessor.newInstance(DirectConstructorHandleAccessor.java:67)
at java.base/java.lang.reflect.Constructor.newInstanceWithCaller(Constructor.java:499)
at java.base/java.lang.reflect.Constructor.newInstance(Constructor.java:483)
at org.openqa.selenium.remote.http.W3CHttpResponseCodec.createException(W3CHttpResponseCodec.java:187)
at org.openqa.selenium.remote.http.W3CHttpResponseCodec.decode(W3CHttpResponseCodec.java:122)
at org.openqa.selenium.remote.http.W3CHttpResponseCodec.decode(W3CHttpResponseCodec.java:49)
at org.openqa.selenium.remote.HttpCommandExecutor.execute(HttpCommandExecutor.java:158)
at org.openqa.selenium.remote.service.DriverCommandExecutor.execute(DriverCommandExecutor.java:83)
at org.openqa.selenium.remote.RemoteWebDriver.execute(RemoteWebDriver.java:552)
at org.openqa.selenium.remote.RemoteWebDriver.findElement(RemoteWebDriver.java:323)
at org.openqa.selenium.remote.RemoteWebDriver.findElementByXPath(RemoteWebDriver.java:428)
at org.openqa.selenium.By$ByXPath.findElement(By.java:353)
at org.openqa.selenium.remote.RemoteWebDriver.findElement(RemoteWebDriver.java:315)
at org.openqa.selenium.support.pagefactory.DefaultElementLocator.findElement(DefaultElementLocator.java:69)
at org.openqa.selenium.support.pagefactory.internal.LocatingElementHandler.invoke(LocatingElementHandler.java:38)
at jdk.proxy2/jdk.proxy2.$Proxy17.click(Unknown Source)
at fbpages.HomePage.clickLogoutButton(HomePage.java:62)
at test.VerifyHomePage.logOutFromApplication(VerifyHomePage.java:137)
at java.base/jdk.internal.reflect.DirectMethodHandleAccessor.invoke(DirectMethodHandleAccessor.java:104)
at java.base/java.lang.reflect.Method.invoke(Method.java:577)
at org.testng.internal.MethodInvocationHelper.invokeMethod(MethodInvocationHelper.java:133)
at org.testng.internal.MethodInvocationHelper.invokeMethodConsideringTimeout(MethodInvocationHelper.java:62)
at org.testng.internal.ConfigInvoker.invokeConfigurationMethod(ConfigInvoker.java:385)
at org.testng.internal.ConfigInvoker.invokeConfigurations(ConfigInvoker.java:321)
at org.testng.internal.TestInvoker.runConfigMethods(TestInvoker.java:700)
at org.testng.internal.TestInvoker.runAfterGroupsConfigurations(TestInvoker.java:676)
at org.testng.internal.TestInvoker.invokeMethod(TestInvoker.java:660)
at org.testng.internal.TestInvoker.invokeTestMethod(TestInvoker.java:173)
at org.testng.internal.MethodRunner.runInSequence(MethodRunner.java:46)
at org.testng.internal.TestInvoker$MethodInvocationAgent.invoke(TestInvoker.java:824)
at org.testng.internal.TestInvoker.invokeTestMethods(TestInvoker.java:146)
at org.testng.internal.TestMethodWorker.invokeTestMethods(TestMethodWorker.java:146)
at org.testng.internal.TestMethodWorker.run(TestMethodWorker.java:128)
at java.base/java.util.concurrent.ThreadPoolExecutor.runWorker(ThreadPoolExecutor.java:1136)
at java.base/java.util.concurrent.ThreadPoolExecutor$Worker.run(ThreadPoolExecutor.java:635)
at java.base/java.lang.Thread.run(Thread.java:833)
]]>
            </full-stacktrace>
          </exception> <!-- org.openqa.selenium.NoSuchElementException -->
          <reporter-output>
          </reporter-output>
        </test-method> <!-- logOutFromApplication -->
        <test-method is-config="true" signature="openurl_openhomepage()[pri:0, instance:test.VerifyHomePage@59309333]" started-at="2022-09-30T21:13:53 IST" name="openurl_openhomepage" finished-at="1970-01-01T05:30:00 IST" duration-ms="-1664552633063" status="SKIP">
          <reporter-output>
          </reporter-output>
        </test-method> <!-- openurl_openhomepage -->
        <test-method signature="verifyNotificationButton()[pri:0, instance:test.VerifyHomePage@59309333]" started-at="2022-09-30T21:13:53 IST" name="verifyNotificationButton" finished-at="2022-09-30T21:13:53 IST" duration-ms="0" status="SKIP">
          <exception class="org.openqa.selenium.NoSuchElementException">
            <message>
              <![CDATA[no such element: Unable to locate element: {"method":"xpath","selector":"//span[text()='Log Out']"}
  (Session info: chrome=105.0.5195.127)
For documentation on this error, please visit: https://www.seleniumhq.org/exceptions/no_such_element.html
Build info: version: '3.141.59', revision: 'e82be7d358', time: '2018-11-14T08:17:03'
System info: host: 'PRADNYA', ip: '192.168.1.102', os.name: 'Windows 8.1', os.arch: 'amd64', os.version: '6.3', java.version: '18.0.1.1'
Driver info: org.openqa.selenium.chrome.ChromeDriver
Capabilities {acceptInsecureCerts: false, browserName: chrome, browserVersion: 105.0.5195.127, chrome: {chromedriverVersion: 105.0.5195.52 (412c95e51883..., userDataDir: C:\Users\Lenovo\AppData\Loc...}, goog:chromeOptions: {debuggerAddress: localhost:55696}, javascriptEnabled: true, networkConnectionEnabled: false, pageLoadStrategy: normal, platform: WINDOWS, platformName: WINDOWS, proxy: Proxy(), setWindowRect: true, strictFileInteractability: false, timeouts: {implicit: 0, pageLoad: 300000, script: 30000}, unhandledPromptBehavior: dismiss and notify, webauthn:extension:credBlob: true, webauthn:extension:largeBlob: true, webauthn:virtualAuthenticators: true}
Session ID: 066086e47db6218c49467d1f1ea48851
*** Element info: {Using=xpath, value=//span[text()='Log Out']}]]>
            </message>
            <full-stacktrace>
              <![CDATA[org.openqa.selenium.NoSuchElementException: no such element: Unable to locate element: {"method":"xpath","selector":"//span[text()='Log Out']"}
  (Session info: chrome=105.0.5195.127)
For documentation on this error, please visit: https://www.seleniumhq.org/exceptions/no_such_element.html
Build info: version: '3.141.59', revision: 'e82be7d358', time: '2018-11-14T08:17:03'
System info: host: 'PRADNYA', ip: '192.168.1.102', os.name: 'Windows 8.1', os.arch: 'amd64', os.version: '6.3', java.version: '18.0.1.1'
Driver info: org.openqa.selenium.chrome.ChromeDriver
Capabilities {acceptInsecureCerts: false, browserName: chrome, browserVersion: 105.0.5195.127, chrome: {chromedriverVersion: 105.0.5195.52 (412c95e51883..., userDataDir: C:\Users\Lenovo\AppData\Loc...}, goog:chromeOptions: {debuggerAddress: localhost:55696}, javascriptEnabled: true, networkConnectionEnabled: false, pageLoadStrategy: normal, platform: WINDOWS, platformName: WINDOWS, proxy: Proxy(), setWindowRect: true, strictFileInteractability: false, timeouts: {implicit: 0, pageLoad: 300000, script: 30000}, unhandledPromptBehavior: dismiss and notify, webauthn:extension:credBlob: true, webauthn:extension:largeBlob: true, webauthn:virtualAuthenticators: true}
Session ID: 066086e47db6218c49467d1f1ea48851
*** Element info: {Using=xpath, value=//span[text()='Log Out']}
at java.base/jdk.internal.reflect.DirectConstructorHandleAccessor.newInstance(DirectConstructorHandleAccessor.java:67)
at java.base/java.lang.reflect.Constructor.newInstanceWithCaller(Constructor.java:499)
at java.base/java.lang.reflect.Constructor.newInstance(Constructor.java:483)
at org.openqa.selenium.remote.http.W3CHttpResponseCodec.createException(W3CHttpResponseCodec.java:187)
at org.openqa.selenium.remote.http.W3CHttpResponseCodec.decode(W3CHttpResponseCodec.java:122)
at org.openqa.selenium.remote.http.W3CHttpResponseCodec.decode(W3CHttpResponseCodec.java:49)
at org.openqa.selenium.remote.HttpCommandExecutor.execute(HttpCommandExecutor.java:158)
at org.openqa.selenium.remote.service.DriverCommandExecutor.execute(DriverCommandExecutor.java:83)
at org.openqa.selenium.remote.RemoteWebDriver.execute(RemoteWebDriver.java:552)
at org.openqa.selenium.remote.RemoteWebDriver.findElement(RemoteWebDriver.java:323)
at org.openqa.selenium.remote.RemoteWebDriver.findElementByXPath(RemoteWebDriver.java:428)
at org.openqa.selenium.By$ByXPath.findElement(By.java:353)
at org.openqa.selenium.remote.RemoteWebDriver.findElement(RemoteWebDriver.java:315)
at org.openqa.selenium.support.pagefactory.DefaultElementLocator.findElement(DefaultElementLocator.java:69)
at org.openqa.selenium.support.pagefactory.internal.LocatingElementHandler.invoke(LocatingElementHandler.java:38)
at jdk.proxy2/jdk.proxy2.$Proxy17.click(Unknown Source)
at fbpages.HomePage.clickLogoutButton(HomePage.java:62)
at test.VerifyHomePage.logOutFromApplication(VerifyHomePage.java:137)
at java.base/jdk.internal.reflect.DirectMethodHandleAccessor.invoke(DirectMethodHandleAccessor.java:104)
at java.base/java.lang.reflect.Method.invoke(Method.java:577)
at org.testng.internal.MethodInvocationHelper.invokeMethod(MethodInvocationHelper.java:133)
at org.testng.internal.MethodInvocationHelper.invokeMethodConsideringTimeout(MethodInvocationHelper.java:62)
at org.testng.internal.ConfigInvoker.invokeConfigurationMethod(ConfigInvoker.java:385)
at org.testng.internal.ConfigInvoker.invokeConfigurations(ConfigInvoker.java:321)
at org.testng.internal.TestInvoker.runConfigMethods(TestInvoker.java:700)
at org.testng.internal.TestInvoker.runAfterGroupsConfigurations(TestInvoker.java:676)
at org.testng.internal.TestInvoker.invokeMethod(TestInvoker.java:660)
at org.testng.internal.TestInvoker.invokeTestMethod(TestInvoker.java:173)
at org.testng.internal.MethodRunner.runInSequence(MethodRunner.java:46)
at org.testng.internal.TestInvoker$MethodInvocationAgent.invoke(TestInvoker.java:824)
at org.testng.internal.TestInvoker.invokeTestMethods(TestInvoker.java:146)
at org.testng.internal.TestMethodWorker.invokeTestMethods(TestMethodWorker.java:146)
at org.testng.internal.TestMethodWorker.run(TestMethodWorker.java:128)
at java.base/java.util.concurrent.ThreadPoolExecutor.runWorker(ThreadPoolExecutor.java:1136)
at java.base/java.util.concurrent.ThreadPoolExecutor$Worker.run(ThreadPoolExecutor.java:635)
at java.base/java.lang.Thread.run(Thread.java:833)
]]>
            </full-stacktrace>
          </exception> <!-- org.openqa.selenium.NoSuchElementException -->
          <reporter-output>
          </reporter-output>
        </test-method> <!-- verifyNotificationButton -->
        <test-method is-config="true" signature="logOutFromApplication(org.testng.ITestResult)[pri:0, instance:test.VerifyHomePage@59309333]" started-at="2022-09-30T21:13:53 IST" name="logOutFromApplication" finished-at="1970-01-01T05:30:00 IST" duration-ms="-1664552633081" status="SKIP">
          <reporter-output>
          </reporter-output>
        </test-method> <!-- logOutFromApplication -->
        <test-method is-config="true" signature="clearObject()[pri:0, instance:test.VerifyHomePage@59309333]" started-at="2022-09-30T21:13:53 IST" name="clearObject" finished-at="1970-01-01T05:30:00 IST" duration-ms="-1664552633090" status="SKIP">
          <reporter-output>
          </reporter-output>
        </test-method> <!-- clearObject -->
        <test-method is-config="true" signature="closeBrowser()[pri:0, instance:test.VerifyHomePage@59309333]" started-at="2022-09-30T21:14:30 IST" name="closeBrowser" finished-at="1970-01-01T05:30:00 IST" duration-ms="-1664552670093" status="SKIP">
          <reporter-output>
          </reporter-output>
        </test-method> <!-- closeBrowser -->
      </class> <!-- test.VerifyHomePage -->
    </test> <!-- ChromeTest -->
    <test started-at="2022-09-30T21:14:30 IST" name="FirefoxTest" finished-at="2022-09-30T21:16:52 IST" duration-ms="142381">
      <class name="test.VerifyRoomPageButton">
        <test-method is-config="true" signature="openBrowser(java.lang.String)[pri:0, instance:test.VerifyRoomPageButton@1283bb96]" started-at="2022-09-30T21:15:13 IST" name="openBrowser" finished-at="2022-09-30T21:15:30 IST" duration-ms="16713" status="PASS">
          <params>
            <param index="0">
              <value>
                <![CDATA[Firefox]]>
              </value>
            </param>
          </params>
          <reporter-output>
          </reporter-output>
        </test-method> <!-- openBrowser -->
        <test-method is-config="true" signature="createPOMObjects()[pri:0, instance:test.VerifyRoomPageButton@1283bb96]" started-at="2022-09-30T21:15:30 IST" name="createPOMObjects" finished-at="2022-09-30T21:15:30 IST" duration-ms="2" status="PASS">
          <reporter-output>
          </reporter-output>
        </test-method> <!-- createPOMObjects -->
        <test-method is-config="true" signature="openurl_openroompage()[pri:0, instance:test.VerifyRoomPageButton@1283bb96]" started-at="2022-09-30T21:15:30 IST" name="openurl_openroompage" finished-at="2022-09-30T21:16:00 IST" duration-ms="30371" status="PASS">
          <reporter-output>
          </reporter-output>
        </test-method> <!-- openurl_openroompage -->
        <test-method signature="verifyReturnToMessangerButton()[pri:0, instance:test.VerifyRoomPageButton@1283bb96]" started-at="2022-09-30T21:16:00 IST" name="verifyReturnToMessangerButton" finished-at="2022-09-30T21:16:10 IST" duration-ms="9362" status="PASS">
          <reporter-output>
          </reporter-output>
        </test-method> <!-- verifyReturnToMessangerButton -->
        <test-method is-config="true" signature="aftermethod(org.testng.ITestResult)[pri:0, instance:test.VerifyRoomPageButton@1283bb96]" started-at="2022-09-30T21:16:10 IST" name="aftermethod" finished-at="2022-09-30T21:16:10 IST" duration-ms="3" status="PASS">
          <params>
            <param index="0">
              <value>
                <![CDATA[[TestResult name=verifyReturnToMessangerButton status=SUCCESS method=VerifyRoomPageButton.verifyReturnToMessangerButton()[pri:0, instance:test.VerifyRoomPageButton@1283bb96] output={null}]]]>
              </value>
            </param>
          </params>
          <reporter-output>
          </reporter-output>
        </test-method> <!-- aftermethod -->
        <test-method is-config="true" signature="openurl_openroompage()[pri:0, instance:test.VerifyRoomPageButton@1283bb96]" started-at="2022-09-30T21:16:10 IST" name="openurl_openroompage" finished-at="2022-09-30T21:16:15 IST" duration-ms="4943" status="PASS">
          <reporter-output>
          </reporter-output>
        </test-method> <!-- openurl_openroompage -->
        <test-method signature="verifyVisitHelpCenterButton()[pri:0, instance:test.VerifyRoomPageButton@1283bb96]" started-at="2022-09-30T21:16:15 IST" name="verifyVisitHelpCenterButton" finished-at="2022-09-30T21:16:18 IST" duration-ms="3180" status="PASS">
          <reporter-output>
          </reporter-output>
        </test-method> <!-- verifyVisitHelpCenterButton -->
        <test-method is-config="true" signature="aftermethod(org.testng.ITestResult)[pri:0, instance:test.VerifyRoomPageButton@1283bb96]" started-at="2022-09-30T21:16:18 IST" name="aftermethod" finished-at="2022-09-30T21:16:18 IST" duration-ms="1" status="PASS">
          <params>
            <param index="0">
              <value>
                <![CDATA[[TestResult name=verifyVisitHelpCenterButton status=SUCCESS method=VerifyRoomPageButton.verifyVisitHelpCenterButton()[pri:0, instance:test.VerifyRoomPageButton@1283bb96] output={null}]]]>
              </value>
            </param>
          </params>
          <reporter-output>
          </reporter-output>
        </test-method> <!-- aftermethod -->
        <test-method is-config="true" signature="clearObjects()[pri:0, instance:test.VerifyRoomPageButton@1283bb96]" started-at="2022-09-30T21:16:18 IST" name="clearObjects" finished-at="2022-09-30T21:16:18 IST" duration-ms="1" status="PASS">
          <reporter-output>
          </reporter-output>
        </test-method> <!-- clearObjects -->
        <test-method is-config="true" signature="closeBrowser()[pri:0, instance:test.VerifyRoomPageButton@1283bb96]" started-at="2022-09-30T21:16:48 IST" name="closeBrowser" finished-at="2022-09-30T21:16:52 IST" duration-ms="4090" status="PASS">
          <reporter-output>
          </reporter-output>
        </test-method> <!-- closeBrowser -->
      </class> <!-- test.VerifyRoomPageButton -->
      <class name="test.VerifyHomePage">
        <test-method is-config="true" signature="openBrowser(java.lang.String)[pri:0, instance:test.VerifyHomePage@74f0ea28]" started-at="2022-09-30T21:14:30 IST" name="openBrowser" finished-at="2022-09-30T21:15:13 IST" duration-ms="43176" status="PASS">
          <params>
            <param index="0">
              <value>
                <![CDATA[Firefox]]>
              </value>
            </param>
          </params>
          <reporter-output>
          </reporter-output>
        </test-method> <!-- openBrowser -->
        <test-method is-config="true" signature="createPOMObjects()[pri:0, instance:test.VerifyHomePage@74f0ea28]" started-at="2022-09-30T21:15:30 IST" name="createPOMObjects" finished-at="2022-09-30T21:15:30 IST" duration-ms="30" status="PASS">
          <reporter-output>
          </reporter-output>
        </test-method> <!-- createPOMObjects -->
        <test-method is-config="true" signature="openurl_openhomepage()[pri:0, instance:test.VerifyHomePage@74f0ea28]" started-at="2022-09-30T21:15:30 IST" name="openurl_openhomepage" finished-at="2022-09-30T21:16:02 IST" duration-ms="32032" status="PASS">
          <reporter-output>
          </reporter-output>
        </test-method> <!-- openurl_openhomepage -->
        <test-method signature="verifyMessangerButton()[pri:0, instance:test.VerifyHomePage@74f0ea28]" started-at="2022-09-30T21:16:02 IST" name="verifyMessangerButton" finished-at="2022-09-30T21:16:06 IST" duration-ms="4268" status="PASS">
          <reporter-output>
          </reporter-output>
        </test-method> <!-- verifyMessangerButton -->
        <test-method is-config="true" signature="logOutFromApplication(org.testng.ITestResult)[pri:0, instance:test.VerifyHomePage@74f0ea28]" started-at="2022-09-30T21:16:06 IST" name="logOutFromApplication" finished-at="2022-09-30T21:16:19 IST" duration-ms="13192" status="PASS">
          <params>
            <param index="0">
              <value>
                <![CDATA[[TestResult name=verifyMessangerButton status=SUCCESS method=VerifyHomePage.verifyMessangerButton()[pri:0, instance:test.VerifyHomePage@74f0ea28] output={null}]]]>
              </value>
            </param>
          </params>
          <reporter-output>
          </reporter-output>
        </test-method> <!-- logOutFromApplication -->
        <test-method is-config="true" signature="openurl_openhomepage()[pri:0, instance:test.VerifyHomePage@74f0ea28]" started-at="2022-09-30T21:16:19 IST" name="openurl_openhomepage" finished-at="2022-09-30T21:16:30 IST" duration-ms="10755" status="PASS">
          <reporter-output>
          </reporter-output>
        </test-method> <!-- openurl_openhomepage -->
        <test-method signature="verifyNotificationButton()[pri:0, instance:test.VerifyHomePage@74f0ea28]" started-at="2022-09-30T21:16:30 IST" name="verifyNotificationButton" finished-at="2022-09-30T21:16:35 IST" duration-ms="4281" status="PASS">
          <reporter-output>
          </reporter-output>
        </test-method> <!-- verifyNotificationButton -->
        <test-method is-config="true" signature="logOutFromApplication(org.testng.ITestResult)[pri:0, instance:test.VerifyHomePage@74f0ea28]" started-at="2022-09-30T21:16:35 IST" name="logOutFromApplication" finished-at="2022-09-30T21:16:37 IST" duration-ms="2534" status="PASS">
          <params>
            <param index="0">
              <value>
                <![CDATA[[TestResult name=verifyNotificationButton status=SUCCESS method=VerifyHomePage.verifyNotificationButton()[pri:0, instance:test.VerifyHomePage@74f0ea28] output={null}]]]>
              </value>
            </param>
          </params>
          <reporter-output>
          </reporter-output>
        </test-method> <!-- logOutFromApplication -->
        <test-method is-config="true" signature="clearObject()[pri:0, instance:test.VerifyHomePage@74f0ea28]" started-at="2022-09-30T21:16:37 IST" name="clearObject" finished-at="2022-09-30T21:16:37 IST" duration-ms="1" status="PASS">
          <reporter-output>
          </reporter-output>
        </test-method> <!-- clearObject -->
        <test-method is-config="true" signature="closeBrowser()[pri:0, instance:test.VerifyHomePage@74f0ea28]" started-at="2022-09-30T21:16:37 IST" name="closeBrowser" finished-at="2022-09-30T21:16:48 IST" duration-ms="11291" status="PASS">
          <reporter-output>
          </reporter-output>
        </test-method> <!-- closeBrowser -->
      </class> <!-- test.VerifyHomePage -->
    </test> <!-- FirefoxTest -->
  </suite> <!-- Facebook RegressionSuite -->
</testng-results>
