<?xml version="1.0" encoding="UTF-8"?>
<!-- Generated by org.testng.reporters.JUnitXMLReporter -->
<testsuite ignored="0" hostname="PRADNYA" failures="0" tests="2" name="Default test" time="0.203" errors="0" timestamp="2022-09-23T18:57:32 IST">
  <testcase classname="test.VerifyHomePage" name="@BeforeTest openBrowser" time="-1.663939651636E9">
    <failure type="org.testng.TestNGException" message="
Parameter &amp;apos;browser&amp;apos; is required by BeforeTest on method openBrowser but has not been marked @Optional or defined
in C:\Users\Lenovo\AppData\Local\Temp\testng-eclipse-492876392\testng-customsuite.xml">
      <![CDATA[org.testng.TestNGException: 
Parameter 'browser' is required by BeforeTest on method openBrowser but has not been marked @Optional or defined
in C:\Users\Lenovo\AppData\Local\Temp\testng-eclipse-492876392\testng-customsuite.xml
at org.testng.internal.Parameters.createParams(Parameters.java:270)
at org.testng.internal.Parameters.createParametersForMethod(Parameters.java:358)
at org.testng.internal.Parameters.createParameters(Parameters.java:700)
at org.testng.internal.Parameters.createConfigurationParameters(Parameters.java:168)
at org.testng.internal.ConfigInvoker.invokeConfigurations(ConfigInvoker.java:302)
at org.testng.TestRunner.invokeTestConfigurations(TestRunner.java:637)
at org.testng.TestRunner.beforeRun(TestRunner.java:627)
at org.testng.TestRunner.run(TestRunner.java:589)
at org.testng.SuiteRunner.runTest(SuiteRunner.java:377)
at org.testng.SuiteRunner.runSequentially(SuiteRunner.java:371)
at org.testng.SuiteRunner.privateRun(SuiteRunner.java:332)
at org.testng.SuiteRunner.run(SuiteRunner.java:276)
at org.testng.SuiteRunnerWorker.runSuite(SuiteRunnerWorker.java:53)
at org.testng.SuiteRunnerWorker.run(SuiteRunnerWorker.java:96)
at org.testng.TestNG.runSuitesSequentially(TestNG.java:1212)
at org.testng.TestNG.runSuitesLocally(TestNG.java:1134)
at org.testng.TestNG.runSuites(TestNG.java:1063)
at org.testng.TestNG.run(TestNG.java:1031)
at org.testng.remote.AbstractRemoteTestNG.run(AbstractRemoteTestNG.java:115)
at org.testng.remote.RemoteTestNG.initAndRun(RemoteTestNG.java:251)
at org.testng.remote.RemoteTestNG.main(RemoteTestNG.java:77)
]]>
    </failure>
  </testcase> <!-- @BeforeTest openBrowser -->
  <testcase classname="test.VerifyHomePage" name="@BeforeClass createPOMObjects" time="-1.663939651715E9">
    <skipped/>
  </testcase> <!-- @BeforeClass createPOMObjects -->
  <testcase classname="test.VerifyHomePage" name="@BeforeMethod openurl_openhomepage" time="-1.663939651758E9">
    <skipped/>
  </testcase> <!-- @BeforeMethod openurl_openhomepage -->
  <testcase classname="test.VerifyHomePage" name="@AfterMethod logOutFromApplication" time="-1.663939651786E9">
    <skipped/>
  </testcase> <!-- @AfterMethod logOutFromApplication -->
  <testcase classname="test.VerifyHomePage" name="@BeforeMethod openurl_openhomepage" time="-1.663939651791E9">
    <skipped/>
  </testcase> <!-- @BeforeMethod openurl_openhomepage -->
  <testcase classname="test.VerifyHomePage" name="@AfterMethod logOutFromApplication" time="-1.663939651804E9">
    <skipped/>
  </testcase> <!-- @AfterMethod logOutFromApplication -->
  <testcase classname="test.VerifyHomePage" name="@AfterClass clearObject" time="-1.66393965181E9">
    <skipped/>
  </testcase> <!-- @AfterClass clearObject -->
  <testcase classname="test.VerifyHomePage" name="@AfterTest closeBrowser" time="-1.66393965182E9">
    <skipped/>
  </testcase> <!-- @AfterTest closeBrowser -->
  <testcase classname="test.VerifyHomePage" name="verifyMessangerButton" time="0.0">
    <skipped/>
  </testcase> <!-- verifyMessangerButton -->
  <testcase classname="test.VerifyHomePage" name="verifyNotificationButton" time="0.0">
    <skipped/>
  </testcase> <!-- verifyNotificationButton -->
</testsuite> <!-- Default test -->
